android/app/mapping.txt
# compiler: R8
# compiler_version: 1.5.64
# min_api: 18
# pg_map_id: 0869d40
...
com.google.android.material.circularreveal.CircularRevealWidget$RevealInfo -> com.google.android.material.circularreveal.c$e:
    float radius -> c
    float centerY -> b
    float centerX -> a
    boolean isInvalid() -> a
    void set(float,float,float) -> a
    void set(com.google.android.material.circularreveal.CircularRevealWidget$RevealInfo) -> a
com.google.android.material.circularreveal.cardview.CircularRevealCardView -> com.google.android.material.circularreveal.cardview.CircularRevealCardView:
    com.google.android.material.circularreveal.CircularRevealHelper helper -> j
    void actualDraw(android.graphics.Canvas) -> a
    void buildCircularRevealCache() -> a
    void destroyCircularRevealCache() -> b
    boolean actualIsOpaque() -> c
com.google.android.material.circularreveal.coordinatorlayout.CircularRevealCoordinatorLayout -> com.google.android.material.circularreveal.coordinatorlayout.CircularRevealCoordinatorLayout:
    com.google.android.material.circularreveal.CircularRevealHelper helper -> a
    void actualDraw(android.graphics.Canvas) -> a
    void buildCircularRevealCache() -> a
    void destroyCircularRevealCache() -> b
    boolean actualIsOpaque() -> c
com.google.android.material.color.MaterialColors -> a.a.a.a.o.a:
    int getColor(android.content.Context,int,int) -> a
    int getColor(android.content.Context,int,java.lang.String) -> a
    int getColor(android.view.View,int) -> a
    int getColor(android.view.View,int,int) -> a
    int layer(int,int) -> a
    int layer(int,int,float) -> a
com.google.android.material.datepicker.CalendarConstraints -> com.google.android.material.datepicker.CalendarConstraints:
    com.google.android.material.datepicker.CalendarConstraints$DateValidator getDateValidator() -> d
    com.google.android.material.datepicker.Month getEnd() -> e
    int getMonthSpan() -> f
    com.google.android.material.datepicker.Month getOpenAt() -> g
    com.google.android.material.datepicker.Month getStart() -> h
    int getYearSpan() -> i
com.google.android.material.datepicker.CalendarConstraints$1 -> com.google.android.material.datepicker.CalendarConstraints$a:
com.google.android.material.datepicker.CalendarConstraints$DateValidator -> com.google.android.material.datepicker.CalendarConstraints$DateValidator:
    boolean isValid(long) -> b
com.google.android.material.datepicker.CalendarItemStyle -> com.google.android.material.datepicker.a:
    com.google.android.material.shape.ShapeAppearanceModel itemShape -> f
    android.content.res.ColorStateList textColor -> b
    android.content.res.ColorStateList strokeColor -> d
    android.content.res.ColorStateList backgroundColor -> c
    int strokeWidth -> e
    android.graphics.Rect insets -> a
    com.google.android.material.datepicker.CalendarItemStyle create(android.content.Context,int) -> a
    int getBottomInset() -> a
    void styleItem(android.widget.TextView) -> a
    int getTopInset() -> b
com.google.android.material.datepicker.CalendarStyle -> com.google.android.material.datepicker.b:
    android.graphics.Paint rangeFill -> h
    com.google.android.material.datepicker.CalendarItemStyle invalidDay -> g
    com.google.android.material.datepicker.CalendarItemStyle selectedDay -> b
    com.google.android.material.datepicker.CalendarItemStyle day -> a
    com.google.android.material.datepicker.CalendarItemStyle todayYear -> f
    com.google.android.material.datepicker.CalendarItemStyle selectedYear -> e
    com.google.android.material.datepicker.CalendarItemStyle year -> d
    com.google.android.material.datepicker.CalendarItemStyle todayDay -> c
com.google.android.material.datepicker.DateSelector -> com.google.android.material.datepicker.DateSelector:
    java.lang.Object getSelection() -> a
    void select(long) -> a
    java.util.Collection getSelectedRanges() -> b
    java.util.Collection getSelectedDays() -> c