android/app/unused.txt
io.blockchainnetwork.wallet.BuildConfig
io.blockchainnetwork.wallet.R
...
com.google.protobuf.ProtocolStringList
    public abstract java.util.List asByteStringList()
com.google.android.material.floatingactionbutton.MotionStrategy
    public abstract com.google.android.material.animation.MotionSpec getCurrentMotionSpec()
    public abstract void addAnimationListener(android.animation.Animator$AnimatorListener)
    public abstract void removeAnimationListener(android.animation.Animator$AnimatorListener)
android.support.v4.media.session.MediaSessionCompat$SessionFlags
org.intellij.lang.annotations.PrintFormat
com.google.android.material.datepicker.SmoothCalendarLayoutManager
    private static final float MILLISECONDS_PER_INCH
com.google.protobuf.ByteOutput
    public abstract void write(byte)
    public abstract void write(byte[],int,int)
    public abstract void write(java.nio.ByteBuffer)
    public abstract void writeLazy(java.nio.ByteBuffer)
com.google.android.material.snackbar.BaseTransientBottomBar$3
kotlin.jvm.internal.PropertyReference2Impl
kotlin.text.CharsetsKt
com.google.android.material.circularreveal.CircularRevealWidget
    public abstract void draw(android.graphics.Canvas)
    public abstract boolean isOpaque()
    public abstract android.graphics.drawable.Drawable getCircularRevealOverlayDrawable()
me.dm7.barcodescanner.core.ViewFinderView
    private static final java.lang.String TAG
    private static final float PORTRAIT_WIDTH_RATIO
    private static final float PORTRAIT_WIDTH_HEIGHT_RATIO
    private static final float LANDSCAPE_HEIGHT_RATIO
    private static final float LANDSCAPE_WIDTH_HEIGHT_RATIO
    private static final int MIN_DIMENSION_DIFF
    private static final float DEFAULT_SQUARE_DIMENSION_RATIO
    private static final int POINT_SIZE
    private static final long ANIMATION_DELAY
kotlin.ULong$Companion
kotlin.ranges.IntRange
android.support.v4.media.session.MediaSessionCompat$2
kotlin.collections.IndexingIterator
kotlin.coroutines.experimental.RestrictsSuspension
com.google.zxing.maxicode.MaxiCodeReader
    public com.google.zxing.Result decode(com.google.zxing.BinaryBitmap)
    private static final int MATRIX_WIDTH
    private static final int MATRIX_HEIGHT
org.intellij.lang.annotations.JdkConstants$BoxLayoutAxis
com.google.protobuf.NioByteString$1
com.google.android.material.snackbar.BaseTransientBottomBar$4
com.google.protobuf.GeneratedMessageLite$SerializedForm
kotlin.text.Regex$fromInt$$inlined$apply$lambda$1
kotlin.jvm.internal.PropertyReference0Impl
com.google.zxing.client.result.WifiResultParser
kotlin.Result$Failure
kotlin.jvm.internal.CallableReference$NoReceiver
com.google.android.material.circularreveal.CircularRevealWidget$RevealInfo
    public static final float INVALID_RADIUS
kotlin.collections.AbstractSet
kotlin.time.Clock
com.google.zxing.client.result.AbstractDoCoMoResultParser